<?xml version="1.0" encoding="UTF-8"?>
<testng-results skipped="0" failed="0" ignored="0" total="26" passed="26">
  <reporter-output>
  </reporter-output>
  <suite name="Suite" duration-ms="3015" started-at="2020-11-20T01:54:41 IST" finished-at="2020-11-20T01:54:44 IST">
    <groups>
      <group name="cucumber">
        <method signature="AbstractTestNGCucumberTests.runScenario(io.cucumber.testng.PickleWrapper, io.cucumber.testng.FeatureWrapper)[pri:0, instance:tests.SmokeTestRunner@3a5ed7a6]" name="runScenario" class="io.cucumber.testng.AbstractTestNGCucumberTests"/>
      </group> <!-- cucumber -->
    </groups>
    <test name="Test" duration-ms="3015" started-at="2020-11-20T01:54:41 IST" finished-at="2020-11-20T01:54:44 IST">
      <class name="tests.SmokeTestRunner">
        <test-method status="PASS" signature="setUpClass()[pri:0, instance:tests.SmokeTestRunner@3a5ed7a6]" name="setUpClass" is-config="true" duration-ms="312" started-at="2020-11-20T01:54:41 IST" finished-at="2020-11-20T01:54:41 IST">
          <reporter-output>
          </reporter-output>
        </test-method> <!-- setUpClass -->
        <test-method status="PASS" signature="runScenario(io.cucumber.testng.PickleWrapper, io.cucumber.testng.FeatureWrapper)[pri:0, instance:tests.SmokeTestRunner@3a5ed7a6]" name="runScenario" duration-ms="2499" started-at="2020-11-20T01:54:41 IST" description="Runs Cucumber Scenarios" data-provider="scenarios" finished-at="2020-11-20T01:54:44 IST">
          <params>
            <param index="0">
              <value>
                <![CDATA["Get Specific employee post"]]>
              </value>
            </param>
            <param index="1">
              <value>
                <![CDATA["Get Employees details"]]>
              </value>
            </param>
          </params>
          <reporter-output>
          </reporter-output>
        </test-method> <!-- runScenario -->
        <test-method status="PASS" signature="tearDownClass()[pri:0, instance:tests.SmokeTestRunner@3a5ed7a6]" name="tearDownClass" is-config="true" duration-ms="172" started-at="2020-11-20T01:54:44 IST" finished-at="2020-11-20T01:54:44 IST">
          <reporter-output>
          </reporter-output>
        </test-method> <!-- tearDownClass -->
      </class> <!-- tests.SmokeTestRunner -->
    </test> <!-- Test -->
  </suite> <!-- Suite -->
  <suite name="Suite (0)" duration-ms="20042" started-at="2020-11-20T01:54:44 IST" finished-at="2020-11-20T01:55:04 IST">
    <groups>
      <group name="cucumber">
        <method signature="AbstractTestNGCucumberTests.runScenario(io.cucumber.testng.PickleWrapper, io.cucumber.testng.FeatureWrapper)[pri:0, instance:tests.RealTestRunner@30b8a058]" name="runScenario" class="io.cucumber.testng.AbstractTestNGCucumberTests"/>
      </group> <!-- cucumber -->
    </groups>
    <test name="Test" duration-ms="20042" started-at="2020-11-20T01:54:44 IST" finished-at="2020-11-20T01:55:04 IST">
      <class name="tests.RealTestRunner">
        <test-method status="PASS" signature="setUpClass()[pri:0, instance:tests.RealTestRunner@30b8a058]" name="setUpClass" is-config="true" duration-ms="63" started-at="2020-11-20T01:54:44 IST" finished-at="2020-11-20T01:54:44 IST">
          <reporter-output>
          </reporter-output>
        </test-method> <!-- setUpClass -->
        <test-method status="PASS" signature="runScenario(io.cucumber.testng.PickleWrapper, io.cucumber.testng.FeatureWrapper)[pri:0, instance:tests.RealTestRunner@30b8a058]" name="runScenario" duration-ms="156" started-at="2020-11-20T01:54:44 IST" description="Runs Cucumber Scenarios" data-provider="scenarios" finished-at="2020-11-20T01:54:44 IST">
          <params>
            <param index="0">
              <value>
                <![CDATA["Get all posts"]]>
              </value>
            </param>
            <param index="1">
              <value>
                <![CDATA["Get Employees details"]]>
              </value>
            </param>
          </params>
          <reporter-output>
          </reporter-output>
        </test-method> <!-- runScenario -->
        <test-method status="PASS" signature="runScenario(io.cucumber.testng.PickleWrapper, io.cucumber.testng.FeatureWrapper)[pri:0, instance:tests.RealTestRunner@30b8a058]" name="runScenario" duration-ms="156" started-at="2020-11-20T01:54:44 IST" description="Runs Cucumber Scenarios" data-provider="scenarios" finished-at="2020-11-20T01:54:45 IST">
          <params>
            <param index="0">
              <value>
                <![CDATA["Get Specific employee post"]]>
              </value>
            </param>
            <param index="1">
              <value>
                <![CDATA["Get Employees details"]]>
              </value>
            </param>
          </params>
          <reporter-output>
          </reporter-output>
        </test-method> <!-- runScenario -->
        <test-method status="PASS" signature="runScenario(io.cucumber.testng.PickleWrapper, io.cucumber.testng.FeatureWrapper)[pri:0, instance:tests.RealTestRunner@30b8a058]" name="runScenario" duration-ms="188" started-at="2020-11-20T01:54:45 IST" description="Runs Cucumber Scenarios" data-provider="scenarios" finished-at="2020-11-20T01:54:45 IST">
          <params>
            <param index="0">
              <value>
                <![CDATA["Get some employee posts one by one w.r.t id"]]>
              </value>
            </param>
            <param index="1">
              <value>
                <![CDATA["Get Employees details"]]>
              </value>
            </param>
          </params>
          <reporter-output>
          </reporter-output>
        </test-method> <!-- runScenario -->
        <test-method status="PASS" signature="runScenario(io.cucumber.testng.PickleWrapper, io.cucumber.testng.FeatureWrapper)[pri:0, instance:tests.RealTestRunner@30b8a058]" name="runScenario" duration-ms="187" started-at="2020-11-20T01:54:45 IST" description="Runs Cucumber Scenarios" data-provider="scenarios" finished-at="2020-11-20T01:54:45 IST">
          <params>
            <param index="0">
              <value>
                <![CDATA["Get some employee posts one by one w.r.t id"]]>
              </value>
            </param>
            <param index="1">
              <value>
                <![CDATA["Get Employees details"]]>
              </value>
            </param>
          </params>
          <reporter-output>
          </reporter-output>
        </test-method> <!-- runScenario -->
        <test-method status="PASS" signature="runScenario(io.cucumber.testng.PickleWrapper, io.cucumber.testng.FeatureWrapper)[pri:0, instance:tests.RealTestRunner@30b8a058]" name="runScenario" duration-ms="156" started-at="2020-11-20T01:54:45 IST" description="Runs Cucumber Scenarios" data-provider="scenarios" finished-at="2020-11-20T01:54:45 IST">
          <params>
            <param index="0">
              <value>
                <![CDATA["Get some employee posts one by one w.r.t id"]]>
              </value>
            </param>
            <param index="1">
              <value>
                <![CDATA["Get Employees details"]]>
              </value>
            </param>
          </params>
          <reporter-output>
          </reporter-output>
        </test-method> <!-- runScenario -->
        <test-method status="PASS" signature="runScenario(io.cucumber.testng.PickleWrapper, io.cucumber.testng.FeatureWrapper)[pri:0, instance:tests.RealTestRunner@30b8a058]" name="runScenario" duration-ms="156" started-at="2020-11-20T01:54:45 IST" description="Runs Cucumber Scenarios" data-provider="scenarios" finished-at="2020-11-20T01:54:45 IST">
          <params>
            <param index="0">
              <value>
                <![CDATA["Get some employee posts one by one w.r.t id"]]>
              </value>
            </param>
            <param index="1">
              <value>
                <![CDATA["Get Employees details"]]>
              </value>
            </param>
          </params>
          <reporter-output>
          </reporter-output>
        </test-method> <!-- runScenario -->
        <test-method status="PASS" signature="runScenario(io.cucumber.testng.PickleWrapper, io.cucumber.testng.FeatureWrapper)[pri:0, instance:tests.RealTestRunner@30b8a058]" name="runScenario" duration-ms="172" started-at="2020-11-20T01:54:45 IST" description="Runs Cucumber Scenarios" data-provider="scenarios" finished-at="2020-11-20T01:54:45 IST">
          <params>
            <param index="0">
              <value>
                <![CDATA["Get some employee posts one by one w.r.t id"]]>
              </value>
            </param>
            <param index="1">
              <value>
                <![CDATA["Get Employees details"]]>
              </value>
            </param>
          </params>
          <reporter-output>
          </reporter-output>
        </test-method> <!-- runScenario -->
        <test-method status="PASS" signature="runScenario(io.cucumber.testng.PickleWrapper, io.cucumber.testng.FeatureWrapper)[pri:0, instance:tests.RealTestRunner@30b8a058]" name="runScenario" duration-ms="172" started-at="2020-11-20T01:54:45 IST" description="Runs Cucumber Scenarios" data-provider="scenarios" finished-at="2020-11-20T01:54:46 IST">
          <params>
            <param index="0">
              <value>
                <![CDATA["Get some employee posts one by one w.r.t id"]]>
              </value>
            </param>
            <param index="1">
              <value>
                <![CDATA["Get Employees details"]]>
              </value>
            </param>
          </params>
          <reporter-output>
          </reporter-output>
        </test-method> <!-- runScenario -->
        <test-method status="PASS" signature="runScenario(io.cucumber.testng.PickleWrapper, io.cucumber.testng.FeatureWrapper)[pri:0, instance:tests.RealTestRunner@30b8a058]" name="runScenario" duration-ms="172" started-at="2020-11-20T01:54:46 IST" description="Runs Cucumber Scenarios" data-provider="scenarios" finished-at="2020-11-20T01:54:46 IST">
          <params>
            <param index="0">
              <value>
                <![CDATA["Get some employee posts one by one w.r.t id"]]>
              </value>
            </param>
            <param index="1">
              <value>
                <![CDATA["Get Employees details"]]>
              </value>
            </param>
          </params>
          <reporter-output>
          </reporter-output>
        </test-method> <!-- runScenario -->
        <test-method status="PASS" signature="runScenario(io.cucumber.testng.PickleWrapper, io.cucumber.testng.FeatureWrapper)[pri:0, instance:tests.RealTestRunner@30b8a058]" name="runScenario" duration-ms="203" started-at="2020-11-20T01:54:46 IST" description="Runs Cucumber Scenarios" data-provider="scenarios" finished-at="2020-11-20T01:54:46 IST">
          <params>
            <param index="0">
              <value>
                <![CDATA["Get some employee posts one by one w.r.t id"]]>
              </value>
            </param>
            <param index="1">
              <value>
                <![CDATA["Get Employees details"]]>
              </value>
            </param>
          </params>
          <reporter-output>
          </reporter-output>
        </test-method> <!-- runScenario -->
        <test-method status="PASS" signature="runScenario(io.cucumber.testng.PickleWrapper, io.cucumber.testng.FeatureWrapper)[pri:0, instance:tests.RealTestRunner@30b8a058]" name="runScenario" duration-ms="218" started-at="2020-11-20T01:54:46 IST" description="Runs Cucumber Scenarios" data-provider="scenarios" finished-at="2020-11-20T01:54:46 IST">
          <params>
            <param index="0">
              <value>
                <![CDATA["Get some employee posts one by one w.r.t id"]]>
              </value>
            </param>
            <param index="1">
              <value>
                <![CDATA["Get Employees details"]]>
              </value>
            </param>
          </params>
          <reporter-output>
          </reporter-output>
        </test-method> <!-- runScenario -->
        <test-method status="PASS" signature="runScenario(io.cucumber.testng.PickleWrapper, io.cucumber.testng.FeatureWrapper)[pri:0, instance:tests.RealTestRunner@30b8a058]" name="runScenario" duration-ms="438" started-at="2020-11-20T01:54:46 IST" description="Runs Cucumber Scenarios" data-provider="scenarios" finished-at="2020-11-20T01:54:47 IST">
          <params>
            <param index="0">
              <value>
                <![CDATA["Get some employee posts one by one w.r.t id"]]>
              </value>
            </param>
            <param index="1">
              <value>
                <![CDATA["Get Employees details"]]>
              </value>
            </param>
          </params>
          <reporter-output>
          </reporter-output>
        </test-method> <!-- runScenario -->
        <test-method status="PASS" signature="runScenario(io.cucumber.testng.PickleWrapper, io.cucumber.testng.FeatureWrapper)[pri:0, instance:tests.RealTestRunner@30b8a058]" name="runScenario" duration-ms="782" started-at="2020-11-20T01:54:47 IST" description="Runs Cucumber Scenarios" data-provider="scenarios" finished-at="2020-11-20T01:54:47 IST">
          <params>
            <param index="0">
              <value>
                <![CDATA["create a new post"]]>
              </value>
            </param>
            <param index="1">
              <value>
                <![CDATA["Create a post"]]>
              </value>
            </param>
          </params>
          <reporter-output>
          </reporter-output>
        </test-method> <!-- runScenario -->
        <test-method status="PASS" signature="runScenario(io.cucumber.testng.PickleWrapper, io.cucumber.testng.FeatureWrapper)[pri:0, instance:tests.RealTestRunner@30b8a058]" name="runScenario" duration-ms="702" started-at="2020-11-20T01:54:47 IST" description="Runs Cucumber Scenarios" data-provider="scenarios" finished-at="2020-11-20T01:54:48 IST">
          <params>
            <param index="0">
              <value>
                <![CDATA["create a new post"]]>
              </value>
            </param>
            <param index="1">
              <value>
                <![CDATA["Create a post"]]>
              </value>
            </param>
          </params>
          <reporter-output>
          </reporter-output>
        </test-method> <!-- runScenario -->
        <test-method status="PASS" signature="runScenario(io.cucumber.testng.PickleWrapper, io.cucumber.testng.FeatureWrapper)[pri:0, instance:tests.RealTestRunner@30b8a058]" name="runScenario" duration-ms="688" started-at="2020-11-20T01:54:48 IST" description="Runs Cucumber Scenarios" data-provider="scenarios" finished-at="2020-11-20T01:54:49 IST">
          <params>
            <param index="0">
              <value>
                <![CDATA["create a new post"]]>
              </value>
            </param>
            <param index="1">
              <value>
                <![CDATA["Create a post"]]>
              </value>
            </param>
          </params>
          <reporter-output>
          </reporter-output>
        </test-method> <!-- runScenario -->
        <test-method status="PASS" signature="runScenario(io.cucumber.testng.PickleWrapper, io.cucumber.testng.FeatureWrapper)[pri:0, instance:tests.RealTestRunner@30b8a058]" name="runScenario" duration-ms="687" started-at="2020-11-20T01:54:49 IST" description="Runs Cucumber Scenarios" data-provider="scenarios" finished-at="2020-11-20T01:54:49 IST">
          <params>
            <param index="0">
              <value>
                <![CDATA["create a new post"]]>
              </value>
            </param>
            <param index="1">
              <value>
                <![CDATA["Create a post"]]>
              </value>
            </param>
          </params>
          <reporter-output>
          </reporter-output>
        </test-method> <!-- runScenario -->
        <test-method status="PASS" signature="runScenario(io.cucumber.testng.PickleWrapper, io.cucumber.testng.FeatureWrapper)[pri:0, instance:tests.RealTestRunner@30b8a058]" name="runScenario" duration-ms="625" started-at="2020-11-20T01:54:49 IST" description="Runs Cucumber Scenarios" data-provider="scenarios" finished-at="2020-11-20T01:54:50 IST">
          <params>
            <param index="0">
              <value>
                <![CDATA["create a new post"]]>
              </value>
            </param>
            <param index="1">
              <value>
                <![CDATA["Create a post"]]>
              </value>
            </param>
          </params>
          <reporter-output>
          </reporter-output>
        </test-method> <!-- runScenario -->
        <test-method status="PASS" signature="runScenario(io.cucumber.testng.PickleWrapper, io.cucumber.testng.FeatureWrapper)[pri:0, instance:tests.RealTestRunner@30b8a058]" name="runScenario" duration-ms="640" started-at="2020-11-20T01:54:50 IST" description="Runs Cucumber Scenarios" data-provider="scenarios" finished-at="2020-11-20T01:54:51 IST">
          <params>
            <param index="0">
              <value>
                <![CDATA["create a new post"]]>
              </value>
            </param>
            <param index="1">
              <value>
                <![CDATA["Create a post"]]>
              </value>
            </param>
          </params>
          <reporter-output>
          </reporter-output>
        </test-method> <!-- runScenario -->
        <test-method status="PASS" signature="runScenario(io.cucumber.testng.PickleWrapper, io.cucumber.testng.FeatureWrapper)[pri:0, instance:tests.RealTestRunner@30b8a058]" name="runScenario" duration-ms="641" started-at="2020-11-20T01:54:51 IST" description="Runs Cucumber Scenarios" data-provider="scenarios" finished-at="2020-11-20T01:54:51 IST">
          <params>
            <param index="0">
              <value>
                <![CDATA["create a new post"]]>
              </value>
            </param>
            <param index="1">
              <value>
                <![CDATA["Create a post"]]>
              </value>
            </param>
          </params>
          <reporter-output>
          </reporter-output>
        </test-method> <!-- runScenario -->
        <test-method status="PASS" signature="runScenario(io.cucumber.testng.PickleWrapper, io.cucumber.testng.FeatureWrapper)[pri:0, instance:tests.RealTestRunner@30b8a058]" name="runScenario" duration-ms="656" started-at="2020-11-20T01:54:51 IST" description="Runs Cucumber Scenarios" data-provider="scenarios" finished-at="2020-11-20T01:54:52 IST">
          <params>
            <param index="0">
              <value>
                <![CDATA["create a new post"]]>
              </value>
            </param>
            <param index="1">
              <value>
                <![CDATA["Create a post"]]>
              </value>
            </param>
          </params>
          <reporter-output>
          </reporter-output>
        </test-method> <!-- runScenario -->
        <test-method status="PASS" signature="runScenario(io.cucumber.testng.PickleWrapper, io.cucumber.testng.FeatureWrapper)[pri:0, instance:tests.RealTestRunner@30b8a058]" name="runScenario" duration-ms="453" started-at="2020-11-20T01:54:52 IST" description="Runs Cucumber Scenarios" data-provider="scenarios" finished-at="2020-11-20T01:54:53 IST">
          <params>
            <param index="0">
              <value>
                <![CDATA["create a new post"]]>
              </value>
            </param>
            <param index="1">
              <value>
                <![CDATA["Create a post"]]>
              </value>
            </param>
          </params>
          <reporter-output>
          </reporter-output>
        </test-method> <!-- runScenario -->
        <test-method status="PASS" signature="runScenario(io.cucumber.testng.PickleWrapper, io.cucumber.testng.FeatureWrapper)[pri:0, instance:tests.RealTestRunner@30b8a058]" name="runScenario" duration-ms="625" started-at="2020-11-20T01:54:53 IST" description="Runs Cucumber Scenarios" data-provider="scenarios" finished-at="2020-11-20T01:54:53 IST">
          <params>
            <param index="0">
              <value>
                <![CDATA["create a new post"]]>
              </value>
            </param>
            <param index="1">
              <value>
                <![CDATA["Create a post"]]>
              </value>
            </param>
          </params>
          <reporter-output>
          </reporter-output>
        </test-method> <!-- runScenario -->
        <test-method status="PASS" signature="runScenario(io.cucumber.testng.PickleWrapper, io.cucumber.testng.FeatureWrapper)[pri:0, instance:tests.RealTestRunner@30b8a058]" name="runScenario" duration-ms="640" started-at="2020-11-20T01:54:53 IST" description="Runs Cucumber Scenarios" data-provider="scenarios" finished-at="2020-11-20T01:54:54 IST">
          <params>
            <param index="0">
              <value>
                <![CDATA["create a new post"]]>
              </value>
            </param>
            <param index="1">
              <value>
                <![CDATA["Create a post"]]>
              </value>
            </param>
          </params>
          <reporter-output>
          </reporter-output>
        </test-method> <!-- runScenario -->
        <test-method status="PASS" signature="runScenario(io.cucumber.testng.PickleWrapper, io.cucumber.testng.FeatureWrapper)[pri:0, instance:tests.RealTestRunner@30b8a058]" name="runScenario" duration-ms="641" started-at="2020-11-20T01:54:54 IST" description="Runs Cucumber Scenarios" data-provider="scenarios" finished-at="2020-11-20T01:54:54 IST">
          <params>
            <param index="0">
              <value>
                <![CDATA["create a new post"]]>
              </value>
            </param>
            <param index="1">
              <value>
                <![CDATA["Create a post"]]>
              </value>
            </param>
          </params>
          <reporter-output>
          </reporter-output>
        </test-method> <!-- runScenario -->
        <test-method status="PASS" signature="runScenario(io.cucumber.testng.PickleWrapper, io.cucumber.testng.FeatureWrapper)[pri:0, instance:tests.RealTestRunner@30b8a058]" name="runScenario" duration-ms="9701" started-at="2020-11-20T01:54:54 IST" description="Runs Cucumber Scenarios" data-provider="scenarios" finished-at="2020-11-20T01:55:04 IST">
          <params>
            <param index="0">
              <value>
                <![CDATA[""]]>
              </value>
            </param>
            <param index="1">
              <value>
                <![CDATA["Create a post"]]>
              </value>
            </param>
          </params>
          <reporter-output>
          </reporter-output>
        </test-method> <!-- runScenario -->
        <test-method status="PASS" signature="tearDownClass()[pri:0, instance:tests.RealTestRunner@30b8a058]" name="tearDownClass" is-config="true" duration-ms="93" started-at="2020-11-20T01:55:04 IST" finished-at="2020-11-20T01:55:04 IST">
          <reporter-output>
          </reporter-output>
        </test-method> <!-- tearDownClass -->
      </class> <!-- tests.RealTestRunner -->
    </test> <!-- Test -->
  </suite> <!-- Suite (0) -->
</testng-results>
