<?xml version="1.0" encoding="UTF-8"?>
<testsuite xmlns:xsi="http://www.w3.org/2001/XMLSchema-instance" xsi:noNamespaceSchemaLocation="https://maven.apache.org/surefire/maven-surefire-plugin/xsd/surefire-test-report-3.0.xsd" version="3.0" name="TestSuite" time="33.918" tests="26" errors="0" skipped="0" failures="0">
  <properties>
[...]
</properties>
  <testcase name="runScenario" classname="tests.SmokeTestRunner" time="5.085"/>
  <testcase name="runScenario" classname="tests.RealTestRunner" time="0.437"/>
  <testcase name="runScenario" classname="tests.RealTestRunner" time="0.375"/>
  <testcase name="runScenario" classname="tests.RealTestRunner" time="0.44"/>
  <testcase name="runScenario" classname="tests.RealTestRunner" time="0.4"/>
  <testcase name="runScenario" classname="tests.RealTestRunner" time="0.398"/>
  <testcase name="runScenario" classname="tests.RealTestRunner" time="0.36"/>
  <testcase name="runScenario" classname="tests.RealTestRunner" time="0.39"/>
  <testcase name="runScenario" classname="tests.RealTestRunner" time="0.381"/>
  <testcase name="runScenario" classname="tests.RealTestRunner" time="0.344"/>
  <testcase name="runScenario" classname="tests.RealTestRunner" time="0.388"/>
  <testcase name="runScenario" classname="tests.RealTestRunner" time="0.349"/>
  <testcase name="runScenario" classname="tests.RealTestRunner" time="0.332"/>
  <testcase name="runScenario" classname="tests.RealTestRunner" time="0.584"/>
  <testcase name="runScenario" classname="tests.RealTestRunner" time="0.556"/>
  <testcase name="runScenario" classname="tests.RealTestRunner" time="0.573"/>
  <testcase name="runScenario" classname="tests.RealTestRunner" time="0.502"/>
  <testcase name="runScenario" classname="tests.RealTestRunner" time="0.493"/>
  <testcase name="runScenario" classname="tests.RealTestRunner" time="0.512"/>
  <testcase name="runScenario" classname="tests.RealTestRunner" time="1"/>
  <testcase name="runScenario" classname="tests.RealTestRunner" time="1.03"/>
  <testcase name="runScenario" classname="tests.RealTestRunner" time="0.507"/>
  <testcase name="runScenario" classname="tests.RealTestRunner" time="0.532"/>
  <testcase name="runScenario" classname="tests.RealTestRunner" time="0.49"/>
  <testcase name="runScenario" classname="tests.RealTestRunner" time="0.547"/>
  <testcase name="runScenario" classname="tests.RealTestRunner" time="14.511"/>
</testsuite>