<?xml version="1.0" encoding="UTF-8"?>
<testng-results skipped="0" failed="0" ignored="0" total="26" passed="26">
  <reporter-output>
  </reporter-output>
  <suite name="Suite" duration-ms="6079" started-at="2020-11-21T20:38:44 IST" finished-at="2020-11-21T20:38:50 IST">
    <groups>
      <group name="cucumber">
        <method signature="AbstractTestNGCucumberTests.runScenario(io.cucumber.testng.PickleWrapper, io.cucumber.testng.FeatureWrapper)[pri:0, instance:tests.SmokeTestRunner@3a5ed7a6]" name="runScenario" class="io.cucumber.testng.AbstractTestNGCucumberTests"/>
      </group> <!-- cucumber -->
    </groups>
    <test name="Test" duration-ms="6079" started-at="2020-11-21T20:38:44 IST" finished-at="2020-11-21T20:38:50 IST">
      <class name="tests.SmokeTestRunner">
        <test-method status="PASS" signature="setUpClass()[pri:0, instance:tests.SmokeTestRunner@3a5ed7a6]" name="setUpClass" is-config="true" duration-ms="623" started-at="2020-11-21T20:38:44 IST" finished-at="2020-11-21T20:38:44 IST">
          <reporter-output>
          </reporter-output>
        </test-method> <!-- setUpClass -->
        <test-method status="PASS" signature="runScenario(io.cucumber.testng.PickleWrapper, io.cucumber.testng.FeatureWrapper)[pri:0, instance:tests.SmokeTestRunner@3a5ed7a6]" name="runScenario" duration-ms="5080" started-at="2020-11-21T20:38:44 IST" description="Runs Cucumber Scenarios" data-provider="scenarios" finished-at="2020-11-21T20:38:49 IST">
          <params>
            <param index="0">
              <value>
                <![CDATA["Get Specific employee post"]]>
              </value>
            </param>
            <param index="1">
              <value>
                <![CDATA["Get Employees details"]]>
              </value>
            </param>
          </params>
          <reporter-output>
          </reporter-output>
        </test-method> <!-- runScenario -->
        <test-method status="PASS" signature="tearDownClass()[pri:0, instance:tests.SmokeTestRunner@3a5ed7a6]" name="tearDownClass" is-config="true" duration-ms="317" started-at="2020-11-21T20:38:49 IST" finished-at="2020-11-21T20:38:50 IST">
          <reporter-output>
          </reporter-output>
        </test-method> <!-- tearDownClass -->
      </class> <!-- tests.SmokeTestRunner -->
    </test> <!-- Test -->
  </suite> <!-- Suite -->
  <suite name="Suite (0)" duration-ms="22077" started-at="2020-11-21T20:38:50 IST" finished-at="2020-11-21T20:39:12 IST">
    <groups>
      <group name="cucumber">
        <method signature="AbstractTestNGCucumberTests.runScenario(io.cucumber.testng.PickleWrapper, io.cucumber.testng.FeatureWrapper)[pri:0, instance:tests.RealTestRunner@30b8a058]" name="runScenario" class="io.cucumber.testng.AbstractTestNGCucumberTests"/>
      </group> <!-- cucumber -->
    </groups>
    <test name="Test" duration-ms="22077" started-at="2020-11-21T20:38:50 IST" finished-at="2020-11-21T20:39:12 IST">
      <class name="tests.RealTestRunner">
        <test-method status="PASS" signature="setUpClass()[pri:0, instance:tests.RealTestRunner@30b8a058]" name="setUpClass" is-config="true" duration-ms="96" started-at="2020-11-21T20:38:50 IST" finished-at="2020-11-21T20:38:50 IST">
          <reporter-output>
          </reporter-output>
        </test-method> <!-- setUpClass -->
        <test-method status="PASS" signature="runScenario(io.cucumber.testng.PickleWrapper, io.cucumber.testng.FeatureWrapper)[pri:0, instance:tests.RealTestRunner@30b8a058]" name="runScenario" duration-ms="375" started-at="2020-11-21T20:38:50 IST" description="Runs Cucumber Scenarios" data-provider="scenarios" finished-at="2020-11-21T20:38:50 IST">
          <params>
            <param index="0">
              <value>
                <![CDATA["Get all posts"]]>
              </value>
            </param>
            <param index="1">
              <value>
                <![CDATA["Get Employees details"]]>
              </value>
            </param>
          </params>
          <reporter-output>
          </reporter-output>
        </test-method> <!-- runScenario -->
        <test-method status="PASS" signature="runScenario(io.cucumber.testng.PickleWrapper, io.cucumber.testng.FeatureWrapper)[pri:0, instance:tests.RealTestRunner@30b8a058]" name="runScenario" duration-ms="382" started-at="2020-11-21T20:38:50 IST" description="Runs Cucumber Scenarios" data-provider="scenarios" finished-at="2020-11-21T20:38:51 IST">
          <params>
            <param index="0">
              <value>
                <![CDATA["Get Specific employee post"]]>
              </value>
            </param>
            <param index="1">
              <value>
                <![CDATA["Get Employees details"]]>
              </value>
            </param>
          </params>
          <reporter-output>
          </reporter-output>
        </test-method> <!-- runScenario -->
        <test-method status="PASS" signature="runScenario(io.cucumber.testng.PickleWrapper, io.cucumber.testng.FeatureWrapper)[pri:0, instance:tests.RealTestRunner@30b8a058]" name="runScenario" duration-ms="376" started-at="2020-11-21T20:38:51 IST" description="Runs Cucumber Scenarios" data-provider="scenarios" finished-at="2020-11-21T20:38:51 IST">
          <params>
            <param index="0">
              <value>
                <![CDATA["Get some employee posts one by one w.r.t id"]]>
              </value>
            </param>
            <param index="1">
              <value>
                <![CDATA["Get Employees details"]]>
              </value>
            </param>
          </params>
          <reporter-output>
          </reporter-output>
        </test-method> <!-- runScenario -->
        <test-method status="PASS" signature="runScenario(io.cucumber.testng.PickleWrapper, io.cucumber.testng.FeatureWrapper)[pri:0, instance:tests.RealTestRunner@30b8a058]" name="runScenario" duration-ms="358" started-at="2020-11-21T20:38:51 IST" description="Runs Cucumber Scenarios" data-provider="scenarios" finished-at="2020-11-21T20:38:51 IST">
          <params>
            <param index="0">
              <value>
                <![CDATA["Get some employee posts one by one w.r.t id"]]>
              </value>
            </param>
            <param index="1">
              <value>
                <![CDATA["Get Employees details"]]>
              </value>
            </param>
          </params>
          <reporter-output>
          </reporter-output>
        </test-method> <!-- runScenario -->
        <test-method status="PASS" signature="runScenario(io.cucumber.testng.PickleWrapper, io.cucumber.testng.FeatureWrapper)[pri:0, instance:tests.RealTestRunner@30b8a058]" name="runScenario" duration-ms="346" started-at="2020-11-21T20:38:51 IST" description="Runs Cucumber Scenarios" data-provider="scenarios" finished-at="2020-11-21T20:38:52 IST">
          <params>
            <param index="0">
              <value>
                <![CDATA["Get some employee posts one by one w.r.t id"]]>
              </value>
            </param>
            <param index="1">
              <value>
                <![CDATA["Get Employees details"]]>
              </value>
            </param>
          </params>
          <reporter-output>
          </reporter-output>
        </test-method> <!-- runScenario -->
        <test-method status="PASS" signature="runScenario(io.cucumber.testng.PickleWrapper, io.cucumber.testng.FeatureWrapper)[pri:0, instance:tests.RealTestRunner@30b8a058]" name="runScenario" duration-ms="363" started-at="2020-11-21T20:38:52 IST" description="Runs Cucumber Scenarios" data-provider="scenarios" finished-at="2020-11-21T20:38:52 IST">
          <params>
            <param index="0">
              <value>
                <![CDATA["Get some employee posts one by one w.r.t id"]]>
              </value>
            </param>
            <param index="1">
              <value>
                <![CDATA["Get Employees details"]]>
              </value>
            </param>
          </params>
          <reporter-output>
          </reporter-output>
        </test-method> <!-- runScenario -->
        <test-method status="PASS" signature="runScenario(io.cucumber.testng.PickleWrapper, io.cucumber.testng.FeatureWrapper)[pri:0, instance:tests.RealTestRunner@30b8a058]" name="runScenario" duration-ms="361" started-at="2020-11-21T20:38:52 IST" description="Runs Cucumber Scenarios" data-provider="scenarios" finished-at="2020-11-21T20:38:52 IST">
          <params>
            <param index="0">
              <value>
                <![CDATA["Get some employee posts one by one w.r.t id"]]>
              </value>
            </param>
            <param index="1">
              <value>
                <![CDATA["Get Employees details"]]>
              </value>
            </param>
          </params>
          <reporter-output>
          </reporter-output>
        </test-method> <!-- runScenario -->
        <test-method status="PASS" signature="runScenario(io.cucumber.testng.PickleWrapper, io.cucumber.testng.FeatureWrapper)[pri:0, instance:tests.RealTestRunner@30b8a058]" name="runScenario" duration-ms="349" started-at="2020-11-21T20:38:52 IST" description="Runs Cucumber Scenarios" data-provider="scenarios" finished-at="2020-11-21T20:38:53 IST">
          <params>
            <param index="0">
              <value>
                <![CDATA["Get some employee posts one by one w.r.t id"]]>
              </value>
            </param>
            <param index="1">
              <value>
                <![CDATA["Get Employees details"]]>
              </value>
            </param>
          </params>
          <reporter-output>
          </reporter-output>
        </test-method> <!-- runScenario -->
        <test-method status="PASS" signature="runScenario(io.cucumber.testng.PickleWrapper, io.cucumber.testng.FeatureWrapper)[pri:0, instance:tests.RealTestRunner@30b8a058]" name="runScenario" duration-ms="371" started-at="2020-11-21T20:38:53 IST" description="Runs Cucumber Scenarios" data-provider="scenarios" finished-at="2020-11-21T20:38:53 IST">
          <params>
            <param index="0">
              <value>
                <![CDATA["Get some employee posts one by one w.r.t id"]]>
              </value>
            </param>
            <param index="1">
              <value>
                <![CDATA["Get Employees details"]]>
              </value>
            </param>
          </params>
          <reporter-output>
          </reporter-output>
        </test-method> <!-- runScenario -->
        <test-method status="PASS" signature="runScenario(io.cucumber.testng.PickleWrapper, io.cucumber.testng.FeatureWrapper)[pri:0, instance:tests.RealTestRunner@30b8a058]" name="runScenario" duration-ms="364" started-at="2020-11-21T20:38:53 IST" description="Runs Cucumber Scenarios" data-provider="scenarios" finished-at="2020-11-21T20:38:53 IST">
          <params>
            <param index="0">
              <value>
                <![CDATA["Get some employee posts one by one w.r.t id"]]>
              </value>
            </param>
            <param index="1">
              <value>
                <![CDATA["Get Employees details"]]>
              </value>
            </param>
          </params>
          <reporter-output>
          </reporter-output>
        </test-method> <!-- runScenario -->
        <test-method status="PASS" signature="runScenario(io.cucumber.testng.PickleWrapper, io.cucumber.testng.FeatureWrapper)[pri:0, instance:tests.RealTestRunner@30b8a058]" name="runScenario" duration-ms="367" started-at="2020-11-21T20:38:53 IST" description="Runs Cucumber Scenarios" data-provider="scenarios" finished-at="2020-11-21T20:38:54 IST">
          <params>
            <param index="0">
              <value>
                <![CDATA["Get some employee posts one by one w.r.t id"]]>
              </value>
            </param>
            <param index="1">
              <value>
                <![CDATA["Get Employees details"]]>
              </value>
            </param>
          </params>
          <reporter-output>
          </reporter-output>
        </test-method> <!-- runScenario -->
        <test-method status="PASS" signature="runScenario(io.cucumber.testng.PickleWrapper, io.cucumber.testng.FeatureWrapper)[pri:0, instance:tests.RealTestRunner@30b8a058]" name="runScenario" duration-ms="372" started-at="2020-11-21T20:38:54 IST" description="Runs Cucumber Scenarios" data-provider="scenarios" finished-at="2020-11-21T20:38:54 IST">
          <params>
            <param index="0">
              <value>
                <![CDATA["Get some employee posts one by one w.r.t id"]]>
              </value>
            </param>
            <param index="1">
              <value>
                <![CDATA["Get Employees details"]]>
              </value>
            </param>
          </params>
          <reporter-output>
          </reporter-output>
        </test-method> <!-- runScenario -->
        <test-method status="PASS" signature="runScenario(io.cucumber.testng.PickleWrapper, io.cucumber.testng.FeatureWrapper)[pri:0, instance:tests.RealTestRunner@30b8a058]" name="runScenario" duration-ms="581" started-at="2020-11-21T20:38:54 IST" description="Runs Cucumber Scenarios" data-provider="scenarios" finished-at="2020-11-21T20:38:55 IST">
          <params>
            <param index="0">
              <value>
                <![CDATA["create a new post"]]>
              </value>
            </param>
            <param index="1">
              <value>
                <![CDATA["Create a post"]]>
              </value>
            </param>
          </params>
          <reporter-output>
          </reporter-output>
        </test-method> <!-- runScenario -->
        <test-method status="PASS" signature="runScenario(io.cucumber.testng.PickleWrapper, io.cucumber.testng.FeatureWrapper)[pri:0, instance:tests.RealTestRunner@30b8a058]" name="runScenario" duration-ms="493" started-at="2020-11-21T20:38:55 IST" description="Runs Cucumber Scenarios" data-provider="scenarios" finished-at="2020-11-21T20:38:55 IST">
          <params>
            <param index="0">
              <value>
                <![CDATA["create a new post"]]>
              </value>
            </param>
            <param index="1">
              <value>
                <![CDATA["Create a post"]]>
              </value>
            </param>
          </params>
          <reporter-output>
          </reporter-output>
        </test-method> <!-- runScenario -->
        <test-method status="PASS" signature="runScenario(io.cucumber.testng.PickleWrapper, io.cucumber.testng.FeatureWrapper)[pri:0, instance:tests.RealTestRunner@30b8a058]" name="runScenario" duration-ms="540" started-at="2020-11-21T20:38:55 IST" description="Runs Cucumber Scenarios" data-provider="scenarios" finished-at="2020-11-21T20:38:56 IST">
          <params>
            <param index="0">
              <value>
                <![CDATA["create a new post"]]>
              </value>
            </param>
            <param index="1">
              <value>
                <![CDATA["Create a post"]]>
              </value>
            </param>
          </params>
          <reporter-output>
          </reporter-output>
        </test-method> <!-- runScenario -->
        <test-method status="PASS" signature="runScenario(io.cucumber.testng.PickleWrapper, io.cucumber.testng.FeatureWrapper)[pri:0, instance:tests.RealTestRunner@30b8a058]" name="runScenario" duration-ms="501" started-at="2020-11-21T20:38:56 IST" description="Runs Cucumber Scenarios" data-provider="scenarios" finished-at="2020-11-21T20:38:56 IST">
          <params>
            <param index="0">
              <value>
                <![CDATA["create a new post"]]>
              </value>
            </param>
            <param index="1">
              <value>
                <![CDATA["Create a post"]]>
              </value>
            </param>
          </params>
          <reporter-output>
          </reporter-output>
        </test-method> <!-- runScenario -->
        <test-method status="PASS" signature="runScenario(io.cucumber.testng.PickleWrapper, io.cucumber.testng.FeatureWrapper)[pri:0, instance:tests.RealTestRunner@30b8a058]" name="runScenario" duration-ms="491" started-at="2020-11-21T20:38:56 IST" description="Runs Cucumber Scenarios" data-provider="scenarios" finished-at="2020-11-21T20:38:57 IST">
          <params>
            <param index="0">
              <value>
                <![CDATA["create a new post"]]>
              </value>
            </param>
            <param index="1">
              <value>
                <![CDATA["Create a post"]]>
              </value>
            </param>
          </params>
          <reporter-output>
          </reporter-output>
        </test-method> <!-- runScenario -->
        <test-method status="PASS" signature="runScenario(io.cucumber.testng.PickleWrapper, io.cucumber.testng.FeatureWrapper)[pri:0, instance:tests.RealTestRunner@30b8a058]" name="runScenario" duration-ms="498" started-at="2020-11-21T20:38:57 IST" description="Runs Cucumber Scenarios" data-provider="scenarios" finished-at="2020-11-21T20:38:57 IST">
          <params>
            <param index="0">
              <value>
                <![CDATA["create a new post"]]>
              </value>
            </param>
            <param index="1">
              <value>
                <![CDATA["Create a post"]]>
              </value>
            </param>
          </params>
          <reporter-output>
          </reporter-output>
        </test-method> <!-- runScenario -->
        <test-method status="PASS" signature="runScenario(io.cucumber.testng.PickleWrapper, io.cucumber.testng.FeatureWrapper)[pri:0, instance:tests.RealTestRunner@30b8a058]" name="runScenario" duration-ms="486" started-at="2020-11-21T20:38:57 IST" description="Runs Cucumber Scenarios" data-provider="scenarios" finished-at="2020-11-21T20:38:58 IST">
          <params>
            <param index="0">
              <value>
                <![CDATA["create a new post"]]>
              </value>
            </param>
            <param index="1">
              <value>
                <![CDATA["Create a post"]]>
              </value>
            </param>
          </params>
          <reporter-output>
          </reporter-output>
        </test-method> <!-- runScenario -->
        <test-method status="PASS" signature="runScenario(io.cucumber.testng.PickleWrapper, io.cucumber.testng.FeatureWrapper)[pri:0, instance:tests.RealTestRunner@30b8a058]" name="runScenario" duration-ms="494" started-at="2020-11-21T20:38:58 IST" description="Runs Cucumber Scenarios" data-provider="scenarios" finished-at="2020-11-21T20:38:58 IST">
          <params>
            <param index="0">
              <value>
                <![CDATA["create a new post"]]>
              </value>
            </param>
            <param index="1">
              <value>
                <![CDATA["Create a post"]]>
              </value>
            </param>
          </params>
          <reporter-output>
          </reporter-output>
        </test-method> <!-- runScenario -->
        <test-method status="PASS" signature="runScenario(io.cucumber.testng.PickleWrapper, io.cucumber.testng.FeatureWrapper)[pri:0, instance:tests.RealTestRunner@30b8a058]" name="runScenario" duration-ms="497" started-at="2020-11-21T20:38:58 IST" description="Runs Cucumber Scenarios" data-provider="scenarios" finished-at="2020-11-21T20:38:59 IST">
          <params>
            <param index="0">
              <value>
                <![CDATA["create a new post"]]>
              </value>
            </param>
            <param index="1">
              <value>
                <![CDATA["Create a post"]]>
              </value>
            </param>
          </params>
          <reporter-output>
          </reporter-output>
        </test-method> <!-- runScenario -->
        <test-method status="PASS" signature="runScenario(io.cucumber.testng.PickleWrapper, io.cucumber.testng.FeatureWrapper)[pri:0, instance:tests.RealTestRunner@30b8a058]" name="runScenario" duration-ms="487" started-at="2020-11-21T20:38:59 IST" description="Runs Cucumber Scenarios" data-provider="scenarios" finished-at="2020-11-21T20:38:59 IST">
          <params>
            <param index="0">
              <value>
                <![CDATA["create a new post"]]>
              </value>
            </param>
            <param index="1">
              <value>
                <![CDATA["Create a post"]]>
              </value>
            </param>
          </params>
          <reporter-output>
          </reporter-output>
        </test-method> <!-- runScenario -->
        <test-method status="PASS" signature="runScenario(io.cucumber.testng.PickleWrapper, io.cucumber.testng.FeatureWrapper)[pri:0, instance:tests.RealTestRunner@30b8a058]" name="runScenario" duration-ms="493" started-at="2020-11-21T20:38:59 IST" description="Runs Cucumber Scenarios" data-provider="scenarios" finished-at="2020-11-21T20:39:00 IST">
          <params>
            <param index="0">
              <value>
                <![CDATA["create a new post"]]>
              </value>
            </param>
            <param index="1">
              <value>
                <![CDATA["Create a post"]]>
              </value>
            </param>
          </params>
          <reporter-output>
          </reporter-output>
        </test-method> <!-- runScenario -->
        <test-method status="PASS" signature="runScenario(io.cucumber.testng.PickleWrapper, io.cucumber.testng.FeatureWrapper)[pri:0, instance:tests.RealTestRunner@30b8a058]" name="runScenario" duration-ms="496" started-at="2020-11-21T20:39:00 IST" description="Runs Cucumber Scenarios" data-provider="scenarios" finished-at="2020-11-21T20:39:00 IST">
          <params>
            <param index="0">
              <value>
                <![CDATA["create a new post"]]>
              </value>
            </param>
            <param index="1">
              <value>
                <![CDATA["Create a post"]]>
              </value>
            </param>
          </params>
          <reporter-output>
          </reporter-output>
        </test-method> <!-- runScenario -->
        <test-method status="PASS" signature="runScenario(io.cucumber.testng.PickleWrapper, io.cucumber.testng.FeatureWrapper)[pri:0, instance:tests.RealTestRunner@30b8a058]" name="runScenario" duration-ms="11376" started-at="2020-11-21T20:39:00 IST" description="Runs Cucumber Scenarios" data-provider="scenarios" finished-at="2020-11-21T20:39:12 IST">
          <params>
            <param index="0">
              <value>
                <![CDATA[""]]>
              </value>
            </param>
            <param index="1">
              <value>
                <![CDATA["Create a post"]]>
              </value>
            </param>
          </params>
          <reporter-output>
          </reporter-output>
        </test-method> <!-- runScenario -->
        <test-method status="PASS" signature="tearDownClass()[pri:0, instance:tests.RealTestRunner@30b8a058]" name="tearDownClass" is-config="true" duration-ms="143" started-at="2020-11-21T20:39:12 IST" finished-at="2020-11-21T20:39:12 IST">
          <reporter-output>
          </reporter-output>
        </test-method> <!-- tearDownClass -->
      </class> <!-- tests.RealTestRunner -->
    </test> <!-- Test -->
  </suite> <!-- Suite (0) -->
</testng-results>
