<?xml version="1.0" encoding="UTF-8"?>
<testsuite xmlns:xsi="http://www.w3.org/2001/XMLSchema-instance" xsi:noNamespaceSchemaLocation="https://maven.apache.org/surefire/maven-surefire-plugin/xsd/surefire-test-report-3.0.xsd" version="3.0" name="TestSuite" time="23.979" tests="26" errors="0" skipped="0" failures="0">
  <properties>
[...]
</properties>
  <testcase name="runScenario" classname="tests.SmokeTestRunner" time="2.64"/>
  <testcase name="runScenario" classname="tests.RealTestRunner" time="0.156"/>
  <testcase name="runScenario" classname="tests.RealTestRunner" time="0.188"/>
  <testcase name="runScenario" classname="tests.RealTestRunner" time="0.156"/>
  <testcase name="runScenario" classname="tests.RealTestRunner" time="0.172"/>
  <testcase name="runScenario" classname="tests.RealTestRunner" time="0.171"/>
  <testcase name="runScenario" classname="tests.RealTestRunner" time="0.157"/>
  <testcase name="runScenario" classname="tests.RealTestRunner" time="0.14"/>
  <testcase name="runScenario" classname="tests.RealTestRunner" time="0.203"/>
  <testcase name="runScenario" classname="tests.RealTestRunner" time="0.172"/>
  <testcase name="runScenario" classname="tests.RealTestRunner" time="0.219"/>
  <testcase name="runScenario" classname="tests.RealTestRunner" time="0.219"/>
  <testcase name="runScenario" classname="tests.RealTestRunner" time="0.437"/>
  <testcase name="runScenario" classname="tests.RealTestRunner" time="0.828"/>
  <testcase name="runScenario" classname="tests.RealTestRunner" time="0.687"/>
  <testcase name="runScenario" classname="tests.RealTestRunner" time="0.656"/>
  <testcase name="runScenario" classname="tests.RealTestRunner" time="0.703"/>
  <testcase name="runScenario" classname="tests.RealTestRunner" time="0.641"/>
  <testcase name="runScenario" classname="tests.RealTestRunner" time="0.625"/>
  <testcase name="runScenario" classname="tests.RealTestRunner" time="0.64"/>
  <testcase name="runScenario" classname="tests.RealTestRunner" time="0.656"/>
  <testcase name="runScenario" classname="tests.RealTestRunner" time="0.453"/>
  <testcase name="runScenario" classname="tests.RealTestRunner" time="0.625"/>
  <testcase name="runScenario" classname="tests.RealTestRunner" time="0.656"/>
  <testcase name="runScenario" classname="tests.RealTestRunner" time="0.641"/>
  <testcase name="runScenario" classname="tests.RealTestRunner" time="9.654"/>
</testsuite>