<?xml version="1.0" encoding="UTF-8"?>
<testng-results skipped="0" failed="0" ignored="0" total="11" passed="11">
  <reporter-output>
  </reporter-output>
  <suite name="Default suite" duration-ms="4642" started-at="2020-11-20T01:57:53 IST" finished-at="2020-11-20T01:57:58 IST">
    <groups>
      <group name="cucumber">
        <method signature="AbstractTestNGCucumberTests.runScenario(io.cucumber.testng.PickleWrapper, io.cucumber.testng.FeatureWrapper)[pri:0, instance:tests.RegressionTestRunner@36b4cef0]" name="runScenario" class="io.cucumber.testng.AbstractTestNGCucumberTests"/>
      </group> <!-- cucumber -->
    </groups>
    <test name="Default test" duration-ms="4642" started-at="2020-11-20T01:57:53 IST" finished-at="2020-11-20T01:57:58 IST">
      <class name="tests.RegressionTestRunner">
        <test-method status="PASS" signature="setUpClass()[pri:0, instance:tests.RegressionTestRunner@36b4cef0]" name="setUpClass" is-config="true" duration-ms="308" started-at="2020-11-20T01:57:53 IST" finished-at="2020-11-20T01:57:54 IST">
          <reporter-output>
          </reporter-output>
        </test-method> <!-- setUpClass -->
        <test-method status="PASS" signature="runScenario(io.cucumber.testng.PickleWrapper, io.cucumber.testng.FeatureWrapper)[pri:0, instance:tests.RegressionTestRunner@36b4cef0]" name="runScenario" duration-ms="2365" started-at="2020-11-20T01:57:54 IST" description="Runs Cucumber Scenarios" data-provider="scenarios" finished-at="2020-11-20T01:57:56 IST">
          <params>
            <param index="0">
              <value>
                <![CDATA["Get Specific employee post"]]>
              </value>
            </param>
            <param index="1">
              <value>
                <![CDATA["Get Employees details"]]>
              </value>
            </param>
          </params>
          <reporter-output>
          </reporter-output>
        </test-method> <!-- runScenario -->
        <test-method status="PASS" signature="runScenario(io.cucumber.testng.PickleWrapper, io.cucumber.testng.FeatureWrapper)[pri:0, instance:tests.RegressionTestRunner@36b4cef0]" name="runScenario" duration-ms="140" started-at="2020-11-20T01:57:56 IST" description="Runs Cucumber Scenarios" data-provider="scenarios" finished-at="2020-11-20T01:57:56 IST">
          <params>
            <param index="0">
              <value>
                <![CDATA["Get some employee posts one by one w.r.t id"]]>
              </value>
            </param>
            <param index="1">
              <value>
                <![CDATA["Get Employees details"]]>
              </value>
            </param>
          </params>
          <reporter-output>
          </reporter-output>
        </test-method> <!-- runScenario -->
        <test-method status="PASS" signature="runScenario(io.cucumber.testng.PickleWrapper, io.cucumber.testng.FeatureWrapper)[pri:0, instance:tests.RegressionTestRunner@36b4cef0]" name="runScenario" duration-ms="141" started-at="2020-11-20T01:57:56 IST" description="Runs Cucumber Scenarios" data-provider="scenarios" finished-at="2020-11-20T01:57:56 IST">
          <params>
            <param index="0">
              <value>
                <![CDATA["Get some employee posts one by one w.r.t id"]]>
              </value>
            </param>
            <param index="1">
              <value>
                <![CDATA["Get Employees details"]]>
              </value>
            </param>
          </params>
          <reporter-output>
          </reporter-output>
        </test-method> <!-- runScenario -->
        <test-method status="PASS" signature="runScenario(io.cucumber.testng.PickleWrapper, io.cucumber.testng.FeatureWrapper)[pri:0, instance:tests.RegressionTestRunner@36b4cef0]" name="runScenario" duration-ms="157" started-at="2020-11-20T01:57:56 IST" description="Runs Cucumber Scenarios" data-provider="scenarios" finished-at="2020-11-20T01:57:56 IST">
          <params>
            <param index="0">
              <value>
                <![CDATA["Get some employee posts one by one w.r.t id"]]>
              </value>
            </param>
            <param index="1">
              <value>
                <![CDATA["Get Employees details"]]>
              </value>
            </param>
          </params>
          <reporter-output>
          </reporter-output>
        </test-method> <!-- runScenario -->
        <test-method status="PASS" signature="runScenario(io.cucumber.testng.PickleWrapper, io.cucumber.testng.FeatureWrapper)[pri:0, instance:tests.RegressionTestRunner@36b4cef0]" name="runScenario" duration-ms="177" started-at="2020-11-20T01:57:56 IST" description="Runs Cucumber Scenarios" data-provider="scenarios" finished-at="2020-11-20T01:57:57 IST">
          <params>
            <param index="0">
              <value>
                <![CDATA["Get some employee posts one by one w.r.t id"]]>
              </value>
            </param>
            <param index="1">
              <value>
                <![CDATA["Get Employees details"]]>
              </value>
            </param>
          </params>
          <reporter-output>
          </reporter-output>
        </test-method> <!-- runScenario -->
        <test-method status="PASS" signature="runScenario(io.cucumber.testng.PickleWrapper, io.cucumber.testng.FeatureWrapper)[pri:0, instance:tests.RegressionTestRunner@36b4cef0]" name="runScenario" duration-ms="203" started-at="2020-11-20T01:57:57 IST" description="Runs Cucumber Scenarios" data-provider="scenarios" finished-at="2020-11-20T01:57:57 IST">
          <params>
            <param index="0">
              <value>
                <![CDATA["Get some employee posts one by one w.r.t id"]]>
              </value>
            </param>
            <param index="1">
              <value>
                <![CDATA["Get Employees details"]]>
              </value>
            </param>
          </params>
          <reporter-output>
          </reporter-output>
        </test-method> <!-- runScenario -->
        <test-method status="PASS" signature="runScenario(io.cucumber.testng.PickleWrapper, io.cucumber.testng.FeatureWrapper)[pri:0, instance:tests.RegressionTestRunner@36b4cef0]" name="runScenario" duration-ms="203" started-at="2020-11-20T01:57:57 IST" description="Runs Cucumber Scenarios" data-provider="scenarios" finished-at="2020-11-20T01:57:57 IST">
          <params>
            <param index="0">
              <value>
                <![CDATA["Get some employee posts one by one w.r.t id"]]>
              </value>
            </param>
            <param index="1">
              <value>
                <![CDATA["Get Employees details"]]>
              </value>
            </param>
          </params>
          <reporter-output>
          </reporter-output>
        </test-method> <!-- runScenario -->
        <test-method status="PASS" signature="runScenario(io.cucumber.testng.PickleWrapper, io.cucumber.testng.FeatureWrapper)[pri:0, instance:tests.RegressionTestRunner@36b4cef0]" name="runScenario" duration-ms="218" started-at="2020-11-20T01:57:57 IST" description="Runs Cucumber Scenarios" data-provider="scenarios" finished-at="2020-11-20T01:57:57 IST">
          <params>
            <param index="0">
              <value>
                <![CDATA["Get some employee posts one by one w.r.t id"]]>
              </value>
            </param>
            <param index="1">
              <value>
                <![CDATA["Get Employees details"]]>
              </value>
            </param>
          </params>
          <reporter-output>
          </reporter-output>
        </test-method> <!-- runScenario -->
        <test-method status="PASS" signature="runScenario(io.cucumber.testng.PickleWrapper, io.cucumber.testng.FeatureWrapper)[pri:0, instance:tests.RegressionTestRunner@36b4cef0]" name="runScenario" duration-ms="187" started-at="2020-11-20T01:57:57 IST" description="Runs Cucumber Scenarios" data-provider="scenarios" finished-at="2020-11-20T01:57:57 IST">
          <params>
            <param index="0">
              <value>
                <![CDATA["Get some employee posts one by one w.r.t id"]]>
              </value>
            </param>
            <param index="1">
              <value>
                <![CDATA["Get Employees details"]]>
              </value>
            </param>
          </params>
          <reporter-output>
          </reporter-output>
        </test-method> <!-- runScenario -->
        <test-method status="PASS" signature="runScenario(io.cucumber.testng.PickleWrapper, io.cucumber.testng.FeatureWrapper)[pri:0, instance:tests.RegressionTestRunner@36b4cef0]" name="runScenario" duration-ms="167" started-at="2020-11-20T01:57:57 IST" description="Runs Cucumber Scenarios" data-provider="scenarios" finished-at="2020-11-20T01:57:58 IST">
          <params>
            <param index="0">
              <value>
                <![CDATA["Get some employee posts one by one w.r.t id"]]>
              </value>
            </param>
            <param index="1">
              <value>
                <![CDATA["Get Employees details"]]>
              </value>
            </param>
          </params>
          <reporter-output>
          </reporter-output>
        </test-method> <!-- runScenario -->
        <test-method status="PASS" signature="runScenario(io.cucumber.testng.PickleWrapper, io.cucumber.testng.FeatureWrapper)[pri:0, instance:tests.RegressionTestRunner@36b4cef0]" name="runScenario" duration-ms="156" started-at="2020-11-20T01:57:58 IST" description="Runs Cucumber Scenarios" data-provider="scenarios" finished-at="2020-11-20T01:57:58 IST">
          <params>
            <param index="0">
              <value>
                <![CDATA["Get some employee posts one by one w.r.t id"]]>
              </value>
            </param>
            <param index="1">
              <value>
                <![CDATA["Get Employees details"]]>
              </value>
            </param>
          </params>
          <reporter-output>
          </reporter-output>
        </test-method> <!-- runScenario -->
        <test-method status="PASS" signature="tearDownClass()[pri:0, instance:tests.RegressionTestRunner@36b4cef0]" name="tearDownClass" is-config="true" duration-ms="125" started-at="2020-11-20T01:57:58 IST" finished-at="2020-11-20T01:57:58 IST">
          <reporter-output>
          </reporter-output>
        </test-method> <!-- tearDownClass -->
      </class> <!-- tests.RegressionTestRunner -->
    </test> <!-- Default test -->
  </suite> <!-- Default suite -->
</testng-results>
